This is pdfTeX, Version 3.14159265-2.6-1.40.21 (MiKTeX 20.10) (preloaded format=pdflatex 2020.10.16)  29 MAY 2021 04:08
entering extended mode
**"C:/Users/ASUS/Desktop/MIEI/3ยบ Ano/2ยบ Semestre/PL/TP2/report/reportT2.tex"
("C:/Users/ASUS/Desktop/MIEI/3ยบ Ano/2ยบ Semestre/PL/TP2/report/reportT2.tex"
LaTeX2e <2020-10-01> patch level 1
L3 programming layer <2020-10-05> xparse <2020-03-03>
("D:\Program Files (x86)\LaTeX\tex/latex/base\report.cls"
Document Class: report 2020/04/10 v1.4m Standard LaTeX document class
("D:\Program Files (x86)\LaTeX\tex/latex/base\size11.clo"
File: size11.clo 2020/04/10 v1.4m Standard LaTeX file (size option)
)
\c@part=\count175
\c@chapter=\count176
\c@section=\count177
\c@subsection=\count178
\c@subsubsection=\count179
\c@paragraph=\count180
\c@subparagraph=\count181
\c@figure=\count182
\c@table=\count183
\abovecaptionskip=\skip47
\belowcaptionskip=\skip48
\bibindent=\dimen138
)
("D:\Program Files (x86)\LaTeX\tex/generic/babel\babel.sty"
Package: babel 2020/10/06 3.50 The Babel package

("D:\Program Files (x86)\LaTeX\tex/generic/babel\babel.def"
File: babel.def 2020/10/06 3.50 Babel common definitions
\babel@savecnt=\count184
\U@D=\dimen139
\l@babelnohyphens=\language79

("D:\Program Files (x86)\LaTeX\tex/generic/babel\txtbabel.def")
\bbl@readstream=\read2
)
\bbl@dirlevel=\count185

*************************************
* Local config file bblopts.cfg used
*
("D:\Program Files (x86)\LaTeX\tex/latex/arabi\bblopts.cfg"
File: bblopts.cfg 2005/09/08 v0.1 add Arabic and Farsi to "declared" options of
 babel
)
("D:\Program Files (x86)\LaTeX\tex/latex/babel-portuges\portuges.ldf"
Language: portuges 2020/05/04 v1.2r Portuguese support from the babel system
Package babel Info: Making " an active character on input line 143.
))
("D:\Program Files (x86)\LaTeX\tex/latex/base\inputenc.sty"
Package: inputenc 2020/08/01 v1.3d Input encoding file
\inpenc@prehook=\toks15
\inpenc@posthook=\toks16
)
("D:\Program Files (x86)\LaTeX\tex/latex/graphics\graphicx.sty"
Package: graphicx 2020/09/09 v1.2b Enhanced LaTeX Graphics (DPC,SPQR)

("D:\Program Files (x86)\LaTeX\tex/latex/graphics\keyval.sty"
Package: keyval 2014/10/28 v1.15 key=value parser (DPC)
\KV@toks@=\toks17
)
("D:\Program Files (x86)\LaTeX\tex/latex/graphics\graphics.sty"
Package: graphics 2020/08/30 v1.4c Standard LaTeX Graphics (DPC,SPQR)

("D:\Program Files (x86)\LaTeX\tex/latex/graphics\trig.sty"
Package: trig 2016/01/03 v1.10 sin cos tan (DPC)
)
("D:\Program Files (x86)\LaTeX\tex/latex/graphics-cfg\graphics.cfg"
File: graphics.cfg 2016/06/04 v1.11 sample graphics configuration
)
Package graphics Info: Driver file: pdftex.def on input line 105.

("D:\Program Files (x86)\LaTeX\tex/latex/graphics-def\pdftex.def"
File: pdftex.def 2020/10/05 v1.2a Graphics/color driver for pdftex
))
\Gin@req@height=\dimen140
\Gin@req@width=\dimen141
)
("D:\Program Files (x86)\LaTeX\tex/latex/url\url.sty"
\Urlmuskip=\muskip16
Package: url 2013/09/16  ver 3.4  Verb mode for urls, etc.
)
("D:\Program Files (x86)\LaTeX\tex/latex/tools\enumerate.sty"
Package: enumerate 2015/07/23 v3.00 enumerate extensions (DPC)
\@enLab=\toks18
)
("D:\Program Files (x86)\LaTeX\tex/latex/lm\lmodern.sty"
Package: lmodern 2009/10/30 v1.6 Latin Modern Fonts
LaTeX Font Info:    Overwriting symbol font `operators' in version `normal'
(Font)                  OT1/cmr/m/n --> OT1/lmr/m/n on input line 22.
LaTeX Font Info:    Overwriting symbol font `letters' in version `normal'
(Font)                  OML/cmm/m/it --> OML/lmm/m/it on input line 23.
LaTeX Font Info:    Overwriting symbol font `symbols' in version `normal'
(Font)                  OMS/cmsy/m/n --> OMS/lmsy/m/n on input line 24.
LaTeX Font Info:    Overwriting symbol font `largesymbols' in version `normal'
(Font)                  OMX/cmex/m/n --> OMX/lmex/m/n on input line 25.
LaTeX Font Info:    Overwriting symbol font `operators' in version `bold'
(Font)                  OT1/cmr/bx/n --> OT1/lmr/bx/n on input line 26.
LaTeX Font Info:    Overwriting symbol font `letters' in version `bold'
(Font)                  OML/cmm/b/it --> OML/lmm/b/it on input line 27.
LaTeX Font Info:    Overwriting symbol font `symbols' in version `bold'
(Font)                  OMS/cmsy/b/n --> OMS/lmsy/b/n on input line 28.
LaTeX Font Info:    Overwriting symbol font `largesymbols' in version `bold'
(Font)                  OMX/cmex/m/n --> OMX/lmex/m/n on input line 29.
LaTeX Font Info:    Overwriting math alphabet `\mathbf' in version `normal'
(Font)                  OT1/cmr/bx/n --> OT1/lmr/bx/n on input line 31.
LaTeX Font Info:    Overwriting math alphabet `\mathsf' in version `normal'
(Font)                  OT1/cmss/m/n --> OT1/lmss/m/n on input line 32.
LaTeX Font Info:    Overwriting math alphabet `\mathit' in version `normal'
(Font)                  OT1/cmr/m/it --> OT1/lmr/m/it on input line 33.
LaTeX Font Info:    Overwriting math alphabet `\mathtt' in version `normal'
(Font)                  OT1/cmtt/m/n --> OT1/lmtt/m/n on input line 34.
LaTeX Font Info:    Overwriting math alphabet `\mathbf' in version `bold'
(Font)                  OT1/cmr/bx/n --> OT1/lmr/bx/n on input line 35.
LaTeX Font Info:    Overwriting math alphabet `\mathsf' in version `bold'
(Font)                  OT1/cmss/bx/n --> OT1/lmss/bx/n on input line 36.
LaTeX Font Info:    Overwriting math alphabet `\mathit' in version `bold'
(Font)                  OT1/cmr/bx/it --> OT1/lmr/bx/it on input line 37.
LaTeX Font Info:    Overwriting math alphabet `\mathtt' in version `bold'
(Font)                  OT1/cmtt/m/n --> OT1/lmtt/m/n on input line 38.
)
("D:\Program Files (x86)\LaTeX\tex/latex/graphics\color.sty"
Package: color 2020/02/24 v1.2b Standard LaTeX Color (DPC)

("D:\Program Files (x86)\LaTeX\tex/latex/graphics-cfg\color.cfg"
File: color.cfg 2016/01/02 v1.6 sample color configuration
)
Package color Info: Driver file: pdftex.def on input line 147.
)
("D:\Program Files (x86)\LaTeX\tex/latex/multirow\multirow.sty"
Package: multirow 2021/03/15 v2.8 Span multiple rows of a table
\multirow@colwidth=\skip49
\multirow@cntb=\count186
\multirow@dima=\skip50
\bigstrutjot=\dimen142
)
("D:\Program Files (x86)\LaTeX\tex/latex/tools\array.sty"
Package: array 2019/08/31 v2.4l Tabular extension package (FMi)
\col@sep=\dimen143
\ar@mcellbox=\box47
\extrarowheight=\dimen144
\NC@list=\toks19
\extratabsurround=\skip51
\backup@length=\skip52
\ar@cellbox=\box48
)
("D:\Program Files (x86)\LaTeX\tex/latex/hyperref\hyperref.sty"
Package: hyperref 2020-05-15 v7.00e Hypertext links for LaTeX

("D:\Program Files (x86)\LaTeX\tex/generic/ltxcmds\ltxcmds.sty"
Package: ltxcmds 2020-05-10 v1.25 LaTeX kernel commands for general use (HO)
)
("D:\Program Files (x86)\LaTeX\tex/generic/iftex\iftex.sty"
Package: iftex 2020/03/06 v1.0d TeX engine tests
)
("D:\Program Files (x86)\LaTeX\tex/generic/pdftexcmds\pdftexcmds.sty"
Package: pdftexcmds 2020-06-27 v0.33 Utility functions of pdfTeX for LuaTeX (HO
)

("D:\Program Files (x86)\LaTeX\tex/generic/infwarerr\infwarerr.sty"
Package: infwarerr 2019/12/03 v1.5 Providing info/warning/error messages (HO)
)
Package pdftexcmds Info: \pdf@primitive is available.
Package pdftexcmds Info: \pdf@ifprimitive is available.
Package pdftexcmds Info: \pdfdraftmode found.
)
("D:\Program Files (x86)\LaTeX\tex/generic/kvsetkeys\kvsetkeys.sty"
Package: kvsetkeys 2019/12/15 v1.18 Key value parser (HO)
)
("D:\Program Files (x86)\LaTeX\tex/generic/kvdefinekeys\kvdefinekeys.sty"
Package: kvdefinekeys 2019-12-19 v1.6 Define keys (HO)
)
("D:\Program Files (x86)\LaTeX\tex/generic/pdfescape\pdfescape.sty"
Package: pdfescape 2019/12/09 v1.15 Implements pdfTeX's escape features (HO)
)
("D:\Program Files (x86)\LaTeX\tex/latex/hycolor\hycolor.sty"
Package: hycolor 2020-01-27 v1.10 Color options for hyperref/bookmark (HO)
)
("D:\Program Files (x86)\LaTeX\tex/latex/letltxmacro\letltxmacro.sty"
Package: letltxmacro 2019/12/03 v1.6 Let assignment for LaTeX macros (HO)
)
("D:\Program Files (x86)\LaTeX\tex/latex/auxhook\auxhook.sty"
Package: auxhook 2019-12-17 v1.6 Hooks for auxiliary files (HO)
)
("D:\Program Files (x86)\LaTeX\tex/latex/kvoptions\kvoptions.sty"
Package: kvoptions 2019/11/29 v3.13 Key value format for package options (HO)
)
\@linkdim=\dimen145
\Hy@linkcounter=\count187
\Hy@pagecounter=\count188

("D:\Program Files (x86)\LaTeX\tex/latex/hyperref\pd1enc.def"
File: pd1enc.def 2020-05-15 v7.00e Hyperref: PDFDocEncoding definition (HO)
Now handling font encoding PD1 ...
... no UTF-8 mapping file for font encoding PD1
)
("D:\Program Files (x86)\LaTeX\tex/generic/intcalc\intcalc.sty"
Package: intcalc 2019/12/15 v1.3 Expandable calculations with integers (HO)
)
("D:\Program Files (x86)\LaTeX\tex/generic/etexcmds\etexcmds.sty"
Package: etexcmds 2019/12/15 v1.7 Avoid name clashes with e-TeX commands (HO)
)
\Hy@SavedSpaceFactor=\count189
Package hyperref Info: Hyper figures OFF on input line 4464.
Package hyperref Info: Link nesting OFF on input line 4469.
Package hyperref Info: Hyper index ON on input line 4472.
Package hyperref Info: Plain pages OFF on input line 4479.
Package hyperref Info: Backreferencing OFF on input line 4484.
Package hyperref Info: Implicit mode ON; LaTeX internals redefined.
Package hyperref Info: Bookmarks ON on input line 4717.
\c@Hy@tempcnt=\count190
LaTeX Info: Redefining \url on input line 5076.
\XeTeXLinkMargin=\dimen146

("D:\Program Files (x86)\LaTeX\tex/generic/bitset\bitset.sty"
Package: bitset 2019/12/09 v1.3 Handle bit-vector datatype (HO)

("D:\Program Files (x86)\LaTeX\tex/generic/bigintcalc\bigintcalc.sty"
Package: bigintcalc 2019/12/15 v1.5 Expandable calculations on big integers (HO
)
))
\Fld@menulength=\count191
\Field@Width=\dimen147
\Fld@charsize=\dimen148
Package hyperref Info: Hyper figures OFF on input line 6347.
Package hyperref Info: Link nesting OFF on input line 6352.
Package hyperref Info: Hyper index ON on input line 6355.
Package hyperref Info: backreferencing OFF on input line 6362.
Package hyperref Info: Link coloring OFF on input line 6367.
Package hyperref Info: Link coloring with OCG OFF on input line 6372.
Package hyperref Info: PDF/A mode OFF on input line 6377.
LaTeX Info: Redefining \ref on input line 6417.
LaTeX Info: Redefining \pageref on input line 6421.

("D:\Program Files (x86)\LaTeX\tex/latex/base\atbegshi-ltx.sty"
Package: atbegshi-ltx 2020/08/17 v1.0a Emulation of the original atbegshi packa
ge
with kernel methods
)
\Hy@abspage=\count192
\c@Item=\count193
\c@Hfootnote=\count194
)
Package hyperref Info: Driver: hpdftex.

("D:\Program Files (x86)\LaTeX\tex/latex/hyperref\hpdftex.def"
File: hpdftex.def 2020-05-15 v7.00e Hyperref driver for pdfTeX

("D:\Program Files (x86)\LaTeX\tex/latex/base\atveryend-ltx.sty"
Package: atveryend-ltx 2020/08/19 v1.0a Emulation of the original atvery packag
e
with kernel methods
)
\Fld@listcount=\count195
\c@bookmark@seq@number=\count196

("D:\Program Files (x86)\LaTeX\tex/latex/rerunfilecheck\rerunfilecheck.sty"
Package: rerunfilecheck 2019/12/05 v1.9 Rerun checks for auxiliary files (HO)

("D:\Program Files (x86)\LaTeX\tex/generic/uniquecounter\uniquecounter.sty"
Package: uniquecounter 2019/12/15 v1.4 Provide unlimited unique counter (HO)
)
Package uniquecounter Info: New unique counter `rerunfilecheck' on input line 2
86.
)
\Hy@SectionHShift=\skip53
)
("D:\Program Files (x86)\LaTeX\tex/latex/caption\caption.sty"
Package: caption 2020/10/26 v3.5g Customizing captions (AR)

("D:\Program Files (x86)\LaTeX\tex/latex/caption\caption3.sty"
Package: caption3 2020/10/21 v2.2e caption3 kernel (AR)
\captionmargin=\dimen149
\captionmargin@=\dimen150
\captionwidth=\dimen151
\caption@tempdima=\dimen152
\caption@indent=\dimen153
\caption@parindent=\dimen154
\caption@hangindent=\dimen155
Package caption Info: Standard document class detected.
)
\c@caption@flags=\count197
\c@continuedfloat=\count198
Package caption Info: hyperref package is loaded.
)
("D:\Program Files (x86)\LaTeX\tex/latex/listings\listings.sty"
\lst@mode=\count199
\lst@gtempboxa=\box49
\lst@token=\toks20
\lst@length=\count266
\lst@currlwidth=\dimen156
\lst@column=\count267
\lst@pos=\count268
\lst@lostspace=\dimen157
\lst@width=\dimen158
\lst@newlines=\count269
\lst@lineno=\count270
\lst@maxwidth=\dimen159

("D:\Program Files (x86)\LaTeX\tex/latex/listings\lstmisc.sty"
File: lstmisc.sty 2020/03/24 1.8d (Carsten Heinz)
\c@lstnumber=\count271
\lst@skipnumbers=\count272
\lst@framebox=\box50
)
("D:\Program Files (x86)\LaTeX\tex/latex/listings\listings.cfg"
File: listings.cfg 2020/03/24 1.8d listings configuration
))
Package: listings 2020/03/24 1.8d (Carsten Heinz)

("D:\Program Files (x86)\LaTeX\tex/latex/listings\lstlang1.sty"
File: lstlang1.sty 2020/03/24 1.8d listings language file
)
("D:\Program Files (x86)\LaTeX\tex/latex/tools\xspace.sty"
Package: xspace 2014/10/28 v1.13 Space after command names (DPC,MH)
)
LaTeX Font Info:    Trying to load font information for OT1+lmr on input line 1
02.

("D:\Program Files (x86)\LaTeX\tex/latex/lm\ot1lmr.fd"
File: ot1lmr.fd 2009/10/30 v1.6 Font defs for Latin Modern
)
("D:\Program Files (x86)\LaTeX\tex/latex/l3backend\l3backend-pdftex.def"
File: l3backend-pdftex.def 2020-09-24 L3 backend support: PDF output (pdfTeX)
\l__kernel_color_stack_int=\count273
\l__pdf_internal_box=\box51
)
No file reportT2.aux.
\openout1 = `reportT2.aux'.

LaTeX Font Info:    Checking defaults for OML/cmm/m/it on input line 102.
LaTeX Font Info:    ... okay on input line 102.
LaTeX Font Info:    Checking defaults for OMS/cmsy/m/n on input line 102.
LaTeX Font Info:    ... okay on input line 102.
LaTeX Font Info:    Checking defaults for OT1/cmr/m/n on input line 102.
LaTeX Font Info:    ... okay on input line 102.
LaTeX Font Info:    Checking defaults for T1/cmr/m/n on input line 102.
LaTeX Font Info:    ... okay on input line 102.
LaTeX Font Info:    Checking defaults for TS1/cmr/m/n on input line 102.
LaTeX Font Info:    ... okay on input line 102.
LaTeX Font Info:    Checking defaults for OMX/cmex/m/n on input line 102.
LaTeX Font Info:    ... okay on input line 102.
LaTeX Font Info:    Checking defaults for U/cmr/m/n on input line 102.
LaTeX Font Info:    ... okay on input line 102.
LaTeX Font Info:    Checking defaults for PD1/pdf/m/n on input line 102.
LaTeX Font Info:    ... okay on input line 102.
("D:\Program Files (x86)\LaTeX\tex/context/base/mkii\supp-pdf.mkii"
[Loading MPS to PDF converter (version 2006.09.02).]
\scratchcounter=\count274
\scratchdimen=\dimen160
\scratchbox=\box52
\nofMPsegments=\count275
\nofMParguments=\count276
\everyMPshowfont=\toks21
\MPscratchCnt=\count277
\MPscratchDim=\dimen161
\MPnumerator=\count278
\makeMPintoPDFobject=\count279
\everyMPtoPDFconversion=\toks22
) ("D:\Program Files (x86)\LaTeX\tex/latex/epstopdf-pkg\epstopdf-base.sty"
Package: epstopdf-base 2020-01-24 v2.11 Base part for package epstopdf
Package epstopdf-base Info: Redefining graphics rule for `.eps' on input line 4
85.
)
Package hyperref Info: Link coloring OFF on input line 102.

("D:\Program Files (x86)\LaTeX\tex/latex/hyperref\nameref.sty"
Package: nameref 2019/09/16 v2.46 Cross-referencing by name of section

("D:\Program Files (x86)\LaTeX\tex/latex/refcount\refcount.sty"
Package: refcount 2019/12/15 v3.6 Data extraction from label references (HO)
)
("D:\Program Files (x86)\LaTeX\tex/generic/gettitlestring\gettitlestring.sty"
Package: gettitlestring 2019/12/15 v1.6 Cleanup title references (HO)
)
\c@section@level=\count280
)
LaTeX Info: Redefining \ref on input line 102.
LaTeX Info: Redefining \pageref on input line 102.
LaTeX Info: Redefining \nameref on input line 102.
\@outlinefile=\write3
\openout3 = `reportT2.out'.

Package caption Info: Begin \AtBeginDocument code.
Package caption Info: listings package is loaded.
Package caption Info: End \AtBeginDocument code.
\c@lstlisting=\count281

! LaTeX Error: File `images/um' not found.

See the LaTeX manual or LaTeX Companion for explanation.
Type  H <return>  for immediate help.
 ...                                              
                                                  
l.106 
      
? H
I could not locate the file with any of these extensions:
.pdf,.png,.jpg,.mps,.jpeg,.jbig2,.jb2,.PDF,.PNG,.JPG,.JPEG,.JBIG2,.JB2,.eps
Try typing  <return>  to proceed.
If that doesn't work, type  X <return>  to quit.
? X
 
Here is how much of TeX's memory you used:
 8700 strings out of 480257
 137847 string characters out of 2888910
 626803 words of memory out of 3000000
 25107 multiletter control sequences out of 15000+200000
 541294 words of font info for 32 fonts, out of 3000000 for 9000
 1141 hyphenation exceptions out of 8191
 60i,1n,66p,305b,264s stack positions out of 5000i,500n,10000p,200000b,50000s
No pages of output.
PDF statistics:
 2 PDF objects out of 1000 (max. 8388607)
 0 named destinations out of 1000 (max. 500000)
 1 words of extra memory for PDF output out of 10000 (max. 10000000)

